<?xml version="1.0" encoding="UTF-8"?>
<testng-results skipped="0" failed="0" ignored="0" total="1" passed="1">
  <reporter-output>
  </reporter-output>
  <suite name="Default suite" duration-ms="20668" started-at="2019-11-07T11:19:40Z" finished-at="2019-11-07T11:20:01Z">
    <groups>
    </groups>
    <test name="Default test" duration-ms="20668" started-at="2019-11-07T11:19:40Z" finished-at="2019-11-07T11:20:01Z">
      <class name="scripts.LoginTest">
        <test-method status="PASS" signature="openApp()[pri:0, instance:scripts.LoginTest@14dd9eb7]" name="openApp" is-config="true" duration-ms="18362" started-at="2019-11-07T16:49:41Z" finished-at="2019-11-07T16:49:59Z">
          <reporter-output>
          </reporter-output>
        </test-method> <!-- openApp -->
        <test-method status="PASS" signature="login()[pri:0, instance:scripts.LoginTest@14dd9eb7]" name="login" duration-ms="2254" started-at="2019-11-07T16:49:59Z" finished-at="2019-11-07T16:50:01Z">
          <reporter-output>
          </reporter-output>
        </test-method> <!-- login -->
      </class> <!-- scripts.LoginTest -->
    </test> <!-- Default test -->
  </suite> <!-- Default suite -->
</testng-results>
