<?xml version="1.0" encoding="UTF-8"?>
<!-- Generated by org.testng.reporters.JUnitXMLReporter -->
<testsuite ignored="1" name="Test" tests="3" failures="2" timestamp="26 Nov 2019 07:17:24 GMT" time="19.778" errors="0">
  <testcase name="loginApp" time="0.342" classname="scripts.TestLogin"/>
  <testcase name="testTask" time="2.037" classname="scripts.TaskTest">
    <failure type="java.lang.NullPointerException">
      <![CDATA[java.lang.NullPointerException
	at org.openqa.selenium.support.pagefactory.DefaultElementLocator.findElement(DefaultElementLocator.java:69)
	at org.openqa.selenium.support.pagefactory.internal.LocatingElementHandler.invoke(LocatingElementHandler.java:38)
	at com.sun.proxy.$Proxy8.click(Unknown Source)
	at pompages.TaskPage.clickTask(TaskPage.java:23)
	at scripts.TaskTest.testTask(TaskTest.java:13)
... Removed 25 stack frames]]>
    </failure>
  </testcase> <!-- testTask -->
  <testcase name="loginApp" time="0.004" classname="scripts.TestLogin">
    <failure type="java.lang.NullPointerException">
      <![CDATA[java.lang.NullPointerException
	at org.openqa.selenium.support.pagefactory.DefaultElementLocator.findElement(DefaultElementLocator.java:69)
	at org.openqa.selenium.support.pagefactory.internal.LocatingElementHandler.invoke(LocatingElementHandler.java:38)
	at com.sun.proxy.$Proxy8.sendKeys(Unknown Source)
	at pompages.LoginPage.setUsername(LoginPage.java:25)
	at scripts.TestLogin.loginApp(TestLogin.java:14)
... Removed 25 stack frames]]>
    </failure>
  </testcase> <!-- loginApp -->
  <testcase name="@BeforeTest launchBrowser" time="0.0" classname="Generic.Base">
    <ignored/>
  </testcase> <!-- @BeforeTest launchBrowser -->
</testsuite> <!-- Test -->
